<?xml version="1.0" encoding="UTF-8"?>
<coverage generated="1588954941524" clover="3.2.0">
  <project timestamp="1588954941525" name="All files">
    <metrics statements="79" coveredstatements="79" conditionals="30" coveredconditionals="29" methods="23" coveredmethods="23" elements="132" coveredelements="131" complexity="0" loc="79" ncloc="79" packages="1" files="3" classes="3"/>
    <file name="mdFile.js" path="C:\Users\SCHILCON\Desktop\LABORATORIA\LIM012-fe-md-links\src\mdFile.js">
      <metrics statements="51" coveredstatements="51" conditionals="18" coveredconditionals="17" methods="14" coveredmethods="14"/>
      <line num="1" count="1" type="stmt"/>
      <line num="2" count="1" type="stmt"/>
      <line num="4" count="1" type="stmt"/>
      <line num="5" count="4" type="stmt"/>
      <line num="6" count="4" type="stmt"/>
      <line num="7" count="6" type="stmt"/>
      <line num="8" count="6" type="stmt"/>
      <line num="9" count="6" type="stmt"/>
      <line num="10" count="6" type="cond" truecount="2" falsecount="0"/>
      <line num="11" count="6" type="stmt"/>
      <line num="13" count="4" type="cond" truecount="4" falsecount="0"/>
      <line num="14" count="1" type="stmt"/>
      <line num="16" count="4" type="stmt"/>
      <line num="19" count="1" type="stmt"/>
      <line num="20" count="3" type="stmt"/>
      <line num="21" count="3" type="stmt"/>
      <line num="22" count="5" type="stmt"/>
      <line num="23" count="5" type="cond" truecount="1" falsecount="1"/>
      <line num="24" count="5" type="cond" truecount="2" falsecount="0"/>
      <line num="25" count="2" type="stmt"/>
      <line num="29" count="2" type="stmt"/>
      <line num="31" count="3" type="stmt"/>
      <line num="32" count="3" type="stmt"/>
      <line num="33" count="3" type="stmt"/>
      <line num="34" count="12" type="stmt"/>
      <line num="35" count="12" type="stmt"/>
      <line num="36" count="12" type="stmt"/>
      <line num="41" count="12" type="stmt"/>
      <line num="45" count="3" type="stmt"/>
      <line num="47" count="1" type="stmt"/>
      <line num="48" count="3" type="stmt"/>
      <line num="49" count="3" type="stmt"/>
      <line num="50" count="9" type="stmt"/>
      <line num="51" count="9" type="cond" truecount="2" falsecount="0"/>
      <line num="52" count="8" type="stmt"/>
      <line num="54" count="1" type="stmt"/>
      <line num="57" count="3" type="stmt"/>
      <line num="59" count="1" type="stmt"/>
      <line num="60" count="6" type="stmt"/>
      <line num="61" count="6" type="cond" truecount="2" falsecount="0"/>
      <line num="62" count="4" type="cond" truecount="2" falsecount="0"/>
      <line num="63" count="1" type="stmt"/>
      <line num="65" count="4" type="stmt"/>
      <line num="67" count="2" type="stmt"/>
      <line num="68" count="8" type="stmt"/>
      <line num="69" count="2" type="cond" truecount="2" falsecount="0"/>
      <line num="70" count="1" type="stmt"/>
      <line num="72" count="1" type="stmt"/>
      <line num="75" count="2" type="stmt"/>
      <line num="78" count="4" type="stmt"/>
      <line num="80" count="3" type="stmt"/>
    </file>
    <file name="mdLinks.js" path="C:\Users\SCHILCON\Desktop\LABORATORIA\LIM012-fe-md-links\src\mdLinks.js">
      <metrics statements="17" coveredstatements="17" conditionals="8" coveredconditionals="8" methods="5" coveredmethods="5"/>
      <line num="1" count="1" type="stmt"/>
      <line num="2" count="1" type="stmt"/>
      <line num="3" count="1" type="stmt"/>
      <line num="4" count="1" type="stmt"/>
      <line num="6" count="8" type="cond" truecount="2" falsecount="0"/>
      <line num="7" count="1" type="stmt"/>
      <line num="8" count="8" type="stmt"/>
      <line num="9" count="8" type="stmt"/>
      <line num="10" count="8" type="cond" truecount="2" falsecount="0"/>
      <line num="11" count="7" type="cond" truecount="2" falsecount="0"/>
      <line num="12" count="6" type="cond" truecount="2" falsecount="0"/>
      <line num="13" count="5" type="stmt"/>
      <line num="15" count="2" type="stmt"/>
      <line num="16" count="3" type="stmt"/>
      <line num="18" count="1" type="stmt"/>
      <line num="21" count="1" type="stmt"/>
      <line num="24" count="1" type="stmt"/>
    </file>
    <file name="validate.js" path="C:\Users\SCHILCON\Desktop\LABORATORIA\LIM012-fe-md-links\src\validate.js">
      <metrics statements="11" coveredstatements="11" conditionals="4" coveredconditionals="4" methods="4" coveredmethods="4"/>
      <line num="1" count="1" type="stmt"/>
      <line num="3" count="8" type="stmt"/>
      <line num="4" count="8" type="stmt"/>
      <line num="5" count="8" type="cond" truecount="2" falsecount="0"/>
      <line num="6" count="8" type="stmt"/>
      <line num="8" count="1" type="stmt"/>
      <line num="9" count="2" type="stmt"/>
      <line num="10" count="10" type="cond" truecount="2" falsecount="0"/>
      <line num="11" count="2" type="stmt"/>
      <line num="13" count="8" type="stmt"/>
      <line num="15" count="2" type="stmt"/>
    </file>
  </project>
</coverage>
