{"C:\\Users\\SCHILCON\\Desktop\\LABORATORIA\\LIM012-fe-md-links\\src\\mdFile.js": {"path":"C:\\Users\\SCHILCON\\Desktop\\LABORATORIA\\LIM012-fe-md-links\\src\\mdFile.js","statementMap":{"0":{"start":{"line":1,"column":11},"end":{"line":1,"column":24}},"1":{"start":{"line":2,"column":13},"end":{"line":2,"column":28}},"2":{"start":{"line":4,"column":22},"end":{"line":18,"column":1}},"3":{"start":{"line":5,"column":2},"end":{"line":17,"column":4}},"4":{"start":{"line":6,"column":19},"end":{"line":12,"column":6}},"5":{"start":{"line":7,"column":20},"end":{"line":7,"column":45}},"6":{"start":{"line":8,"column":22},"end":{"line":8,"column":54}},"7":{"start":{"line":9,"column":20},"end":{"line":9,"column":40}},"8":{"start":{"line":10,"column":6},"end":{"line":10,"column":43}},"9":{"start":{"line":10,"column":30},"end":{"line":10,"column":41}},"10":{"start":{"line":11,"column":6},"end":{"line":11,"column":32}},"11":{"start":{"line":13,"column":4},"end":{"line":15,"column":5}},"12":{"start":{"line":14,"column":6},"end":{"line":14,"column":59}},"13":{"start":{"line":16,"column":4},"end":{"line":16,"column":20}},"14":{"start":{"line":19,"column":22},"end":{"line":45,"column":1}},"15":{"start":{"line":20,"column":17},"end":{"line":20,"column":19}},"16":{"start":{"line":21,"column":2},"end":{"line":43,"column":5}},"17":{"start":{"line":22,"column":21},"end":{"line":22,"column":63}},"18":{"start":{"line":23,"column":4},"end":{"line":42,"column":5}},"19":{"start":{"line":24,"column":22},"end":{"line":27,"column":7}},"20":{"start":{"line":28,"column":6},"end":{"line":28,"column":27}},"21":{"start":{"line":30,"column":21},"end":{"line":30,"column":32}},"22":{"start":{"line":31,"column":22},"end":{"line":31,"column":33}},"23":{"start":{"line":32,"column":6},"end":{"line":41,"column":9}},"24":{"start":{"line":33,"column":20},"end":{"line":33,"column":54}},"25":{"start":{"line":34,"column":24},"end":{"line":34,"column":59}},"26":{"start":{"line":35,"column":24},"end":{"line":39,"column":9}},"27":{"start":{"line":40,"column":8},"end":{"line":40,"column":29}},"28":{"start":{"line":44,"column":2},"end":{"line":44,"column":16}},"29":{"start":{"line":46,"column":13},"end":{"line":57,"column":1}},"30":{"start":{"line":47,"column":15},"end":{"line":47,"column":17}},"31":{"start":{"line":48,"column":2},"end":{"line":55,"column":5}},"32":{"start":{"line":49,"column":24},"end":{"line":49,"column":47}},"33":{"start":{"line":50,"column":4},"end":{"line":54,"column":5}},"34":{"start":{"line":51,"column":6},"end":{"line":51,"column":31}},"35":{"start":{"line":53,"column":6},"end":{"line":53,"column":48}},"36":{"start":{"line":56,"column":2},"end":{"line":56,"column":16}},"37":{"start":{"line":58,"column":0},"end":{"line":79,"column":2}},"38":{"start":{"line":59,"column":2},"end":{"line":78,"column":5}},"39":{"start":{"line":60,"column":4},"end":{"line":73,"column":5}},"40":{"start":{"line":61,"column":6},"end":{"line":63,"column":7}},"41":{"start":{"line":62,"column":8},"end":{"line":62,"column":66}},"42":{"start":{"line":64,"column":6},"end":{"line":64,"column":26}},"43":{"start":{"line":66,"column":22},"end":{"line":71,"column":8}},"44":{"start":{"line":67,"column":22},"end":{"line":67,"column":83}},"45":{"start":{"line":67,"column":54},"end":{"line":67,"column":82}},"46":{"start":{"line":68,"column":8},"end":{"line":70,"column":78}},"47":{"start":{"line":72,"column":6},"end":{"line":72,"column":23}},"48":{"start":{"line":75,"column":4},"end":{"line":75,"column":34}},"49":{"start":{"line":77,"column":4},"end":{"line":77,"column":33}}},"fnMap":{"0":{"name":"(anonymous_0)","decl":{"start":{"line":4,"column":22},"end":{"line":4,"column":23}},"loc":{"start":{"line":4,"column":36},"end":{"line":18,"column":1}},"line":4},"1":{"name":"(anonymous_1)","decl":{"start":{"line":5,"column":21},"end":{"line":5,"column":22}},"loc":{"start":{"line":5,"column":42},"end":{"line":17,"column":3}},"line":5},"2":{"name":"(anonymous_2)","decl":{"start":{"line":6,"column":32},"end":{"line":6,"column":33}},"loc":{"start":{"line":6,"column":45},"end":{"line":12,"column":5}},"line":6},"3":{"name":"(anonymous_3)","decl":{"start":{"line":19,"column":22},"end":{"line":19,"column":23}},"loc":{"start":{"line":19,"column":38},"end":{"line":45,"column":1}},"line":19},"4":{"name":"(anonymous_4)","decl":{"start":{"line":21,"column":21},"end":{"line":21,"column":22}},"loc":{"start":{"line":21,"column":30},"end":{"line":43,"column":3}},"line":21},"5":{"name":"(anonymous_5)","decl":{"start":{"line":32,"column":21},"end":{"line":32,"column":22}},"loc":{"start":{"line":32,"column":31},"end":{"line":41,"column":7}},"line":32},"6":{"name":"(anonymous_6)","decl":{"start":{"line":46,"column":13},"end":{"line":46,"column":14}},"loc":{"start":{"line":46,"column":22},"end":{"line":57,"column":1}},"line":46},"7":{"name":"(anonymous_7)","decl":{"start":{"line":48,"column":30},"end":{"line":48,"column":31}},"loc":{"start":{"line":48,"column":43},"end":{"line":55,"column":3}},"line":48},"8":{"name":"(anonymous_8)","decl":{"start":{"line":58,"column":17},"end":{"line":58,"column":18}},"loc":{"start":{"line":58,"column":31},"end":{"line":79,"column":1}},"line":58},"9":{"name":"(anonymous_9)","decl":{"start":{"line":59,"column":21},"end":{"line":59,"column":22}},"loc":{"start":{"line":59,"column":42},"end":{"line":74,"column":3}},"line":59},"10":{"name":"(anonymous_10)","decl":{"start":{"line":66,"column":34},"end":{"line":66,"column":35}},"loc":{"start":{"line":66,"column":57},"end":{"line":71,"column":7}},"line":66},"11":{"name":"(anonymous_11)","decl":{"start":{"line":67,"column":44},"end":{"line":67,"column":45}},"loc":{"start":{"line":67,"column":54},"end":{"line":67,"column":82}},"line":67},"12":{"name":"(anonymous_12)","decl":{"start":{"line":74,"column":10},"end":{"line":74,"column":11}},"loc":{"start":{"line":74,"column":23},"end":{"line":76,"column":3}},"line":74},"13":{"name":"(anonymous_13)","decl":{"start":{"line":76,"column":10},"end":{"line":76,"column":11}},"loc":{"start":{"line":76,"column":22},"end":{"line":78,"column":3}},"line":76}},"branchMap":{"0":{"loc":{"start":{"line":10,"column":6},"end":{"line":10,"column":43}},"type":"if","locations":[{"start":{"line":10,"column":6},"end":{"line":10,"column":43}},{"start":{"line":10,"column":6},"end":{"line":10,"column":43}}],"line":10},"1":{"loc":{"start":{"line":13,"column":4},"end":{"line":15,"column":5}},"type":"if","locations":[{"start":{"line":13,"column":4},"end":{"line":15,"column":5}},{"start":{"line":13,"column":4},"end":{"line":15,"column":5}}],"line":13},"2":{"loc":{"start":{"line":13,"column":8},"end":{"line":13,"column":51}},"type":"binary-expr","locations":[{"start":{"line":13,"column":8},"end":{"line":13,"column":26}},{"start":{"line":13,"column":30},"end":{"line":13,"column":51}}],"line":13},"3":{"loc":{"start":{"line":23,"column":4},"end":{"line":42,"column":5}},"type":"if","locations":[{"start":{"line":23,"column":4},"end":{"line":42,"column":5}},{"start":{"line":23,"column":4},"end":{"line":42,"column":5}}],"line":23},"4":{"loc":{"start":{"line":50,"column":4},"end":{"line":54,"column":5}},"type":"if","locations":[{"start":{"line":50,"column":4},"end":{"line":54,"column":5}},{"start":{"line":50,"column":4},"end":{"line":54,"column":5}}],"line":50},"5":{"loc":{"start":{"line":60,"column":4},"end":{"line":73,"column":5}},"type":"if","locations":[{"start":{"line":60,"column":4},"end":{"line":73,"column":5}},{"start":{"line":60,"column":4},"end":{"line":73,"column":5}}],"line":60},"6":{"loc":{"start":{"line":61,"column":6},"end":{"line":63,"column":7}},"type":"if","locations":[{"start":{"line":61,"column":6},"end":{"line":63,"column":7}},{"start":{"line":61,"column":6},"end":{"line":63,"column":7}}],"line":61},"7":{"loc":{"start":{"line":68,"column":8},"end":{"line":70,"column":77}},"type":"cond-expr","locations":[{"start":{"line":69,"column":10},"end":{"line":69,"column":25}},{"start":{"line":70,"column":10},"end":{"line":70,"column":77}}],"line":68}},"s":{"0":1,"1":1,"2":1,"3":4,"4":4,"5":6,"6":6,"7":6,"8":6,"9":3,"10":6,"11":4,"12":1,"13":4,"14":1,"15":3,"16":3,"17":5,"18":5,"19":2,"20":2,"21":3,"22":3,"23":3,"24":12,"25":12,"26":12,"27":12,"28":3,"29":1,"30":3,"31":3,"32":9,"33":9,"34":8,"35":1,"36":3,"37":1,"38":6,"39":6,"40":4,"41":1,"42":4,"43":2,"44":2,"45":8,"46":2,"47":2,"48":4,"49":3},"f":{"0":4,"1":4,"2":6,"3":3,"4":5,"5":12,"6":3,"7":9,"8":6,"9":6,"10":2,"11":8,"12":4,"13":3},"b":{"0":[3,3],"1":[1,3],"2":[4,1],"3":[2,3],"4":[8,1],"5":[4,2],"6":[1,3],"7":[1,1]},"_coverageSchema":"1a1c01bbd47fc00a2c39e90264f33305004495a9","hash":"1b4b0fd18b3121d79091d21fe33215a3f6b3f01c"}
,"C:\\Users\\SCHILCON\\Desktop\\LABORATORIA\\LIM012-fe-md-links\\src\\mdLinks.js": {"path":"C:\\Users\\SCHILCON\\Desktop\\LABORATORIA\\LIM012-fe-md-links\\src\\mdLinks.js","statementMap":{"0":{"start":{"line":1,"column":11},"end":{"line":1,"column":24}},"1":{"start":{"line":2,"column":13},"end":{"line":2,"column":28}},"2":{"start":{"line":3,"column":15},"end":{"line":3,"column":37}},"3":{"start":{"line":4,"column":17},"end":{"line":4,"column":41}},"4":{"start":{"line":6,"column":19},"end":{"line":6,"column":76}},"5":{"start":{"line":6,"column":29},"end":{"line":6,"column":75}},"6":{"start":{"line":7,"column":0},"end":{"line":25,"column":2}},"7":{"start":{"line":8,"column":2},"end":{"line":24,"column":5}},"8":{"start":{"line":9,"column":29},"end":{"line":9,"column":49}},"9":{"start":{"line":10,"column":4},"end":{"line":23,"column":5}},"10":{"start":{"line":11,"column":6},"end":{"line":20,"column":7}},"11":{"start":{"line":12,"column":8},"end":{"line":17,"column":101}},"12":{"start":{"line":15,"column":14},"end":{"line":15,"column":40}},"13":{"start":{"line":16,"column":28},"end":{"line":16,"column":37}},"14":{"start":{"line":19,"column":8},"end":{"line":19,"column":42}},"15":{"start":{"line":22,"column":6},"end":{"line":22,"column":61}}},"fnMap":{"0":{"name":"(anonymous_0)","decl":{"start":{"line":6,"column":19},"end":{"line":6,"column":20}},"loc":{"start":{"line":6,"column":29},"end":{"line":6,"column":75}},"line":6},"1":{"name":"(anonymous_1)","decl":{"start":{"line":7,"column":17},"end":{"line":7,"column":18}},"loc":{"start":{"line":7,"column":40},"end":{"line":25,"column":1}},"line":7},"2":{"name":"(anonymous_2)","decl":{"start":{"line":8,"column":21},"end":{"line":8,"column":22}},"loc":{"start":{"line":8,"column":42},"end":{"line":24,"column":3}},"line":8},"3":{"name":"(anonymous_3)","decl":{"start":{"line":14,"column":18},"end":{"line":14,"column":19}},"loc":{"start":{"line":14,"column":30},"end":{"line":16,"column":13}},"line":14},"4":{"name":"(anonymous_4)","decl":{"start":{"line":16,"column":21},"end":{"line":16,"column":22}},"loc":{"start":{"line":16,"column":28},"end":{"line":16,"column":37}},"line":16}},"branchMap":{"0":{"loc":{"start":{"line":6,"column":29},"end":{"line":6,"column":75}},"type":"cond-expr","locations":[{"start":{"line":6,"column":52},"end":{"line":6,"column":55}},{"start":{"line":6,"column":58},"end":{"line":6,"column":75}}],"line":6},"1":{"loc":{"start":{"line":10,"column":4},"end":{"line":23,"column":5}},"type":"if","locations":[{"start":{"line":10,"column":4},"end":{"line":23,"column":5}},{"start":{"line":10,"column":4},"end":{"line":23,"column":5}}],"line":10},"2":{"loc":{"start":{"line":11,"column":6},"end":{"line":20,"column":7}},"type":"if","locations":[{"start":{"line":11,"column":6},"end":{"line":20,"column":7}},{"start":{"line":11,"column":6},"end":{"line":20,"column":7}}],"line":11},"3":{"loc":{"start":{"line":12,"column":8},"end":{"line":17,"column":100}},"type":"cond-expr","locations":[{"start":{"line":13,"column":10},"end":{"line":16,"column":38}},{"start":{"line":17,"column":10},"end":{"line":17,"column":100}}],"line":12}},"s":{"0":1,"1":1,"2":1,"3":1,"4":1,"5":8,"6":1,"7":8,"8":8,"9":8,"10":7,"11":6,"12":2,"13":3,"14":1,"15":1},"f":{"0":8,"1":8,"2":8,"3":2,"4":3},"b":{"0":[1,7],"1":[7,1],"2":[6,1],"3":[5,1]},"_coverageSchema":"1a1c01bbd47fc00a2c39e90264f33305004495a9","hash":"47308adcc21759fdb8fb20f89f2ffe7381136871"}
,"C:\\Users\\SCHILCON\\Desktop\\LABORATORIA\\LIM012-fe-md-links\\src\\validate.js": {"path":"C:\\Users\\SCHILCON\\Desktop\\LABORATORIA\\LIM012-fe-md-links\\src\\validate.js","statementMap":{"0":{"start":{"line":1,"column":14},"end":{"line":1,"column":35}},"1":{"start":{"line":3,"column":22},"end":{"line":10,"column":1}},"2":{"start":{"line":4,"column":2},"end":{"line":9,"column":7}},"3":{"start":{"line":6,"column":6},"end":{"line":6,"column":33}},"4":{"start":{"line":7,"column":6},"end":{"line":7,"column":49}},"5":{"start":{"line":8,"column":6},"end":{"line":8,"column":20}},"6":{"start":{"line":11,"column":0},"end":{"line":19,"column":2}},"7":{"start":{"line":12,"column":19},"end":{"line":17,"column":4}},"8":{"start":{"line":13,"column":4},"end":{"line":15,"column":5}},"9":{"start":{"line":14,"column":6},"end":{"line":14,"column":20}},"10":{"start":{"line":16,"column":4},"end":{"line":16,"column":33}},"11":{"start":{"line":18,"column":2},"end":{"line":18,"column":31}}},"fnMap":{"0":{"name":"(anonymous_0)","decl":{"start":{"line":3,"column":22},"end":{"line":3,"column":23}},"loc":{"start":{"line":3,"column":34},"end":{"line":10,"column":1}},"line":3},"1":{"name":"(anonymous_1)","decl":{"start":{"line":5,"column":10},"end":{"line":5,"column":11}},"loc":{"start":{"line":5,"column":19},"end":{"line":9,"column":5}},"line":5},"2":{"name":"(anonymous_2)","decl":{"start":{"line":11,"column":17},"end":{"line":11,"column":18}},"loc":{"start":{"line":11,"column":41},"end":{"line":19,"column":1}},"line":11},"3":{"name":"(anonymous_3)","decl":{"start":{"line":12,"column":42},"end":{"line":12,"column":43}},"loc":{"start":{"line":12,"column":54},"end":{"line":17,"column":3}},"line":12}},"branchMap":{"0":{"loc":{"start":{"line":7,"column":26},"end":{"line":7,"column":48}},"type":"cond-expr","locations":[{"start":{"line":7,"column":35},"end":{"line":7,"column":39}},{"start":{"line":7,"column":42},"end":{"line":7,"column":48}}],"line":7},"1":{"loc":{"start":{"line":13,"column":4},"end":{"line":15,"column":5}},"type":"if","locations":[{"start":{"line":13,"column":4},"end":{"line":15,"column":5}},{"start":{"line":13,"column":4},"end":{"line":15,"column":5}}],"line":13}},"s":{"0":1,"1":1,"2":8,"3":8,"4":8,"5":8,"6":1,"7":2,"8":10,"9":2,"10":8,"11":2},"f":{"0":8,"1":8,"2":2,"3":10},"b":{"0":[6,2],"1":[2,8]},"_coverageSchema":"1a1c01bbd47fc00a2c39e90264f33305004495a9","hash":"a10697d2ad0a8cdca827ceddd4b56444a5874321"}
}
