{"C:\\Users\\SCHILCON\\Desktop\\LABORATORIA\\LIM012-fe-md-links\\src\\mdFile.js": {"path":"C:\\Users\\SCHILCON\\Desktop\\LABORATORIA\\LIM012-fe-md-links\\src\\mdFile.js","statementMap":{"0":{"start":{"line":1,"column":11},"end":{"line":1,"column":24}},"1":{"start":{"line":2,"column":13},"end":{"line":2,"column":28}},"2":{"start":{"line":4,"column":22},"end":{"line":18,"column":1}},"3":{"start":{"line":5,"column":2},"end":{"line":17,"column":4}},"4":{"start":{"line":6,"column":19},"end":{"line":12,"column":6}},"5":{"start":{"line":7,"column":20},"end":{"line":7,"column":40}},"6":{"start":{"line":8,"column":22},"end":{"line":8,"column":54}},"7":{"start":{"line":9,"column":20},"end":{"line":9,"column":40}},"8":{"start":{"line":10,"column":6},"end":{"line":10,"column":43}},"9":{"start":{"line":10,"column":30},"end":{"line":10,"column":41}},"10":{"start":{"line":11,"column":6},"end":{"line":11,"column":32}},"11":{"start":{"line":13,"column":4},"end":{"line":15,"column":5}},"12":{"start":{"line":14,"column":6},"end":{"line":14,"column":59}},"13":{"start":{"line":16,"column":4},"end":{"line":16,"column":20}},"14":{"start":{"line":19,"column":22},"end":{"line":44,"column":1}},"15":{"start":{"line":20,"column":17},"end":{"line":20,"column":19}},"16":{"start":{"line":21,"column":2},"end":{"line":42,"column":5}},"17":{"start":{"line":22,"column":4},"end":{"line":41,"column":5}},"18":{"start":{"line":23,"column":22},"end":{"line":26,"column":7}},"19":{"start":{"line":27,"column":6},"end":{"line":27,"column":27}},"20":{"start":{"line":29,"column":21},"end":{"line":29,"column":32}},"21":{"start":{"line":30,"column":22},"end":{"line":30,"column":33}},"22":{"start":{"line":31,"column":6},"end":{"line":40,"column":9}},"23":{"start":{"line":32,"column":20},"end":{"line":32,"column":54}},"24":{"start":{"line":33,"column":24},"end":{"line":33,"column":59}},"25":{"start":{"line":34,"column":24},"end":{"line":38,"column":9}},"26":{"start":{"line":39,"column":8},"end":{"line":39,"column":29}},"27":{"start":{"line":43,"column":2},"end":{"line":43,"column":16}},"28":{"start":{"line":45,"column":0},"end":{"line":70,"column":2}},"29":{"start":{"line":46,"column":2},"end":{"line":69,"column":5}},"30":{"start":{"line":47,"column":4},"end":{"line":64,"column":5}},"31":{"start":{"line":48,"column":6},"end":{"line":50,"column":7}},"32":{"start":{"line":49,"column":8},"end":{"line":49,"column":66}},"33":{"start":{"line":51,"column":6},"end":{"line":51,"column":26}},"34":{"start":{"line":53,"column":22},"end":{"line":62,"column":8}},"35":{"start":{"line":54,"column":8},"end":{"line":61,"column":11}},"36":{"start":{"line":55,"column":10},"end":{"line":57,"column":11}},"37":{"start":{"line":56,"column":12},"end":{"line":56,"column":24}},"38":{"start":{"line":58,"column":24},"end":{"line":58,"column":78}},"39":{"start":{"line":58,"column":49},"end":{"line":58,"column":77}},"40":{"start":{"line":59,"column":28},"end":{"line":59,"column":74}},"41":{"start":{"line":59,"column":48},"end":{"line":59,"column":73}},"42":{"start":{"line":60,"column":10},"end":{"line":60,"column":121}},"43":{"start":{"line":63,"column":6},"end":{"line":63,"column":23}},"44":{"start":{"line":66,"column":4},"end":{"line":66,"column":34}},"45":{"start":{"line":68,"column":4},"end":{"line":68,"column":33}}},"fnMap":{"0":{"name":"(anonymous_0)","decl":{"start":{"line":4,"column":22},"end":{"line":4,"column":23}},"loc":{"start":{"line":4,"column":36},"end":{"line":18,"column":1}},"line":4},"1":{"name":"(anonymous_1)","decl":{"start":{"line":5,"column":21},"end":{"line":5,"column":22}},"loc":{"start":{"line":5,"column":42},"end":{"line":17,"column":3}},"line":5},"2":{"name":"(anonymous_2)","decl":{"start":{"line":6,"column":32},"end":{"line":6,"column":33}},"loc":{"start":{"line":6,"column":45},"end":{"line":12,"column":5}},"line":6},"3":{"name":"(anonymous_3)","decl":{"start":{"line":19,"column":22},"end":{"line":19,"column":23}},"loc":{"start":{"line":19,"column":38},"end":{"line":44,"column":1}},"line":19},"4":{"name":"(anonymous_4)","decl":{"start":{"line":21,"column":21},"end":{"line":21,"column":22}},"loc":{"start":{"line":21,"column":30},"end":{"line":42,"column":3}},"line":21},"5":{"name":"(anonymous_5)","decl":{"start":{"line":31,"column":21},"end":{"line":31,"column":22}},"loc":{"start":{"line":31,"column":31},"end":{"line":40,"column":7}},"line":31},"6":{"name":"(anonymous_6)","decl":{"start":{"line":45,"column":17},"end":{"line":45,"column":18}},"loc":{"start":{"line":45,"column":31},"end":{"line":70,"column":1}},"line":45},"7":{"name":"(anonymous_7)","decl":{"start":{"line":46,"column":21},"end":{"line":46,"column":22}},"loc":{"start":{"line":46,"column":42},"end":{"line":65,"column":3}},"line":46},"8":{"name":"(anonymous_8)","decl":{"start":{"line":53,"column":34},"end":{"line":53,"column":35}},"loc":{"start":{"line":53,"column":57},"end":{"line":62,"column":7}},"line":53},"9":{"name":"(anonymous_9)","decl":{"start":{"line":54,"column":29},"end":{"line":54,"column":30}},"loc":{"start":{"line":54,"column":47},"end":{"line":61,"column":9}},"line":54},"10":{"name":"(anonymous_10)","decl":{"start":{"line":58,"column":39},"end":{"line":58,"column":40}},"loc":{"start":{"line":58,"column":49},"end":{"line":58,"column":77}},"line":58},"11":{"name":"(anonymous_11)","decl":{"start":{"line":59,"column":38},"end":{"line":59,"column":39}},"loc":{"start":{"line":59,"column":48},"end":{"line":59,"column":73}},"line":59},"12":{"name":"(anonymous_12)","decl":{"start":{"line":65,"column":10},"end":{"line":65,"column":11}},"loc":{"start":{"line":65,"column":23},"end":{"line":67,"column":3}},"line":65},"13":{"name":"(anonymous_13)","decl":{"start":{"line":67,"column":10},"end":{"line":67,"column":11}},"loc":{"start":{"line":67,"column":22},"end":{"line":69,"column":3}},"line":67}},"branchMap":{"0":{"loc":{"start":{"line":10,"column":6},"end":{"line":10,"column":43}},"type":"if","locations":[{"start":{"line":10,"column":6},"end":{"line":10,"column":43}},{"start":{"line":10,"column":6},"end":{"line":10,"column":43}}],"line":10},"1":{"loc":{"start":{"line":13,"column":4},"end":{"line":15,"column":5}},"type":"if","locations":[{"start":{"line":13,"column":4},"end":{"line":15,"column":5}},{"start":{"line":13,"column":4},"end":{"line":15,"column":5}}],"line":13},"2":{"loc":{"start":{"line":13,"column":8},"end":{"line":13,"column":51}},"type":"binary-expr","locations":[{"start":{"line":13,"column":8},"end":{"line":13,"column":26}},{"start":{"line":13,"column":30},"end":{"line":13,"column":51}}],"line":13},"3":{"loc":{"start":{"line":22,"column":4},"end":{"line":41,"column":5}},"type":"if","locations":[{"start":{"line":22,"column":4},"end":{"line":41,"column":5}},{"start":{"line":22,"column":4},"end":{"line":41,"column":5}}],"line":22},"4":{"loc":{"start":{"line":47,"column":4},"end":{"line":64,"column":5}},"type":"if","locations":[{"start":{"line":47,"column":4},"end":{"line":64,"column":5}},{"start":{"line":47,"column":4},"end":{"line":64,"column":5}}],"line":47},"5":{"loc":{"start":{"line":48,"column":6},"end":{"line":50,"column":7}},"type":"if","locations":[{"start":{"line":48,"column":6},"end":{"line":50,"column":7}},{"start":{"line":48,"column":6},"end":{"line":50,"column":7}}],"line":48},"6":{"loc":{"start":{"line":55,"column":10},"end":{"line":57,"column":11}},"type":"if","locations":[{"start":{"line":55,"column":10},"end":{"line":57,"column":11}},{"start":{"line":55,"column":10},"end":{"line":57,"column":11}}],"line":55},"7":{"loc":{"start":{"line":60,"column":10},"end":{"line":60,"column":120}},"type":"cond-expr","locations":[{"start":{"line":60,"column":31},"end":{"line":60,"column":50}},{"start":{"line":60,"column":53},"end":{"line":60,"column":120}}],"line":60}},"s":{"0":1,"1":1,"2":1,"3":4,"4":4,"5":5,"6":5,"7":5,"8":5,"9":2,"10":5,"11":4,"12":1,"13":4,"14":1,"15":3,"16":3,"17":4,"18":1,"19":1,"20":3,"21":3,"22":3,"23":12,"24":12,"25":12,"26":12,"27":3,"28":1,"29":6,"30":6,"31":4,"32":1,"33":4,"34":2,"35":2,"36":2,"37":0,"38":2,"39":7,"40":2,"41":2,"42":2,"43":2,"44":4,"45":3},"f":{"0":4,"1":4,"2":5,"3":3,"4":4,"5":12,"6":6,"7":6,"8":2,"9":2,"10":7,"11":2,"12":4,"13":3},"b":{"0":[2,3],"1":[1,3],"2":[4,1],"3":[1,3],"4":[4,2],"5":[1,3],"6":[0,2],"7":[1,1]},"_coverageSchema":"1a1c01bbd47fc00a2c39e90264f33305004495a9","hash":"8067196be4cd27be1360e2d309a258e116e1b628"}
,"C:\\Users\\SCHILCON\\Desktop\\LABORATORIA\\LIM012-fe-md-links\\src\\mdLinks.js": {"path":"C:\\Users\\SCHILCON\\Desktop\\LABORATORIA\\LIM012-fe-md-links\\src\\mdLinks.js","statementMap":{"0":{"start":{"line":1,"column":11},"end":{"line":1,"column":24}},"1":{"start":{"line":2,"column":13},"end":{"line":2,"column":28}},"2":{"start":{"line":3,"column":15},"end":{"line":3,"column":37}},"3":{"start":{"line":4,"column":17},"end":{"line":4,"column":41}},"4":{"start":{"line":6,"column":0},"end":{"line":26,"column":2}},"5":{"start":{"line":7,"column":2},"end":{"line":25,"column":5}},"6":{"start":{"line":8,"column":27},"end":{"line":8,"column":35}},"7":{"start":{"line":9,"column":23},"end":{"line":9,"column":48}},"8":{"start":{"line":10,"column":4},"end":{"line":12,"column":5}},"9":{"start":{"line":11,"column":6},"end":{"line":11,"column":48}},"10":{"start":{"line":13,"column":4},"end":{"line":24,"column":5}},"11":{"start":{"line":14,"column":6},"end":{"line":21,"column":7}},"12":{"start":{"line":15,"column":8},"end":{"line":18,"column":37}},"13":{"start":{"line":17,"column":12},"end":{"line":17,"column":38}},"14":{"start":{"line":18,"column":26},"end":{"line":18,"column":35}},"15":{"start":{"line":20,"column":8},"end":{"line":20,"column":34}},"16":{"start":{"line":23,"column":6},"end":{"line":23,"column":61}}},"fnMap":{"0":{"name":"(anonymous_0)","decl":{"start":{"line":6,"column":17},"end":{"line":6,"column":18}},"loc":{"start":{"line":6,"column":40},"end":{"line":26,"column":1}},"line":6},"1":{"name":"(anonymous_1)","decl":{"start":{"line":7,"column":21},"end":{"line":7,"column":22}},"loc":{"start":{"line":7,"column":42},"end":{"line":25,"column":3}},"line":7},"2":{"name":"(anonymous_2)","decl":{"start":{"line":16,"column":16},"end":{"line":16,"column":17}},"loc":{"start":{"line":16,"column":28},"end":{"line":18,"column":11}},"line":16},"3":{"name":"(anonymous_3)","decl":{"start":{"line":18,"column":19},"end":{"line":18,"column":20}},"loc":{"start":{"line":18,"column":26},"end":{"line":18,"column":35}},"line":18}},"branchMap":{"0":{"loc":{"start":{"line":10,"column":4},"end":{"line":12,"column":5}},"type":"if","locations":[{"start":{"line":10,"column":4},"end":{"line":12,"column":5}},{"start":{"line":10,"column":4},"end":{"line":12,"column":5}}],"line":10},"1":{"loc":{"start":{"line":13,"column":4},"end":{"line":24,"column":5}},"type":"if","locations":[{"start":{"line":13,"column":4},"end":{"line":24,"column":5}},{"start":{"line":13,"column":4},"end":{"line":24,"column":5}}],"line":13},"2":{"loc":{"start":{"line":14,"column":6},"end":{"line":21,"column":7}},"type":"if","locations":[{"start":{"line":14,"column":6},"end":{"line":21,"column":7}},{"start":{"line":14,"column":6},"end":{"line":21,"column":7}}],"line":14}},"s":{"0":1,"1":1,"2":1,"3":1,"4":1,"5":7,"6":7,"7":7,"8":7,"9":7,"10":7,"11":6,"12":5,"13":2,"14":3,"15":1,"16":1},"f":{"0":7,"1":7,"2":2,"3":3},"b":{"0":[7,0],"1":[6,1],"2":[5,1]},"_coverageSchema":"1a1c01bbd47fc00a2c39e90264f33305004495a9","hash":"5905580b1f059f85873923fa7792ef177a6198e5"}
,"C:\\Users\\SCHILCON\\Desktop\\LABORATORIA\\LIM012-fe-md-links\\src\\validate.js": {"path":"C:\\Users\\SCHILCON\\Desktop\\LABORATORIA\\LIM012-fe-md-links\\src\\validate.js","statementMap":{"0":{"start":{"line":1,"column":14},"end":{"line":1,"column":35}},"1":{"start":{"line":3,"column":22},"end":{"line":10,"column":1}},"2":{"start":{"line":4,"column":2},"end":{"line":9,"column":7}},"3":{"start":{"line":6,"column":6},"end":{"line":6,"column":33}},"4":{"start":{"line":7,"column":6},"end":{"line":7,"column":61}},"5":{"start":{"line":8,"column":6},"end":{"line":8,"column":20}},"6":{"start":{"line":11,"column":0},"end":{"line":19,"column":2}},"7":{"start":{"line":12,"column":19},"end":{"line":17,"column":4}},"8":{"start":{"line":13,"column":4},"end":{"line":15,"column":5}},"9":{"start":{"line":14,"column":6},"end":{"line":14,"column":20}},"10":{"start":{"line":16,"column":4},"end":{"line":16,"column":33}},"11":{"start":{"line":18,"column":2},"end":{"line":18,"column":31}}},"fnMap":{"0":{"name":"(anonymous_0)","decl":{"start":{"line":3,"column":22},"end":{"line":3,"column":23}},"loc":{"start":{"line":3,"column":34},"end":{"line":10,"column":1}},"line":3},"1":{"name":"(anonymous_1)","decl":{"start":{"line":5,"column":10},"end":{"line":5,"column":11}},"loc":{"start":{"line":5,"column":19},"end":{"line":9,"column":5}},"line":5},"2":{"name":"(anonymous_2)","decl":{"start":{"line":11,"column":17},"end":{"line":11,"column":18}},"loc":{"start":{"line":11,"column":41},"end":{"line":19,"column":1}},"line":11},"3":{"name":"(anonymous_3)","decl":{"start":{"line":12,"column":42},"end":{"line":12,"column":43}},"loc":{"start":{"line":12,"column":54},"end":{"line":17,"column":3}},"line":12}},"branchMap":{"0":{"loc":{"start":{"line":7,"column":26},"end":{"line":7,"column":60}},"type":"cond-expr","locations":[{"start":{"line":7,"column":47},"end":{"line":7,"column":51}},{"start":{"line":7,"column":54},"end":{"line":7,"column":60}}],"line":7},"1":{"loc":{"start":{"line":13,"column":4},"end":{"line":15,"column":5}},"type":"if","locations":[{"start":{"line":13,"column":4},"end":{"line":15,"column":5}},{"start":{"line":13,"column":4},"end":{"line":15,"column":5}}],"line":13}},"s":{"0":1,"1":1,"2":8,"3":8,"4":8,"5":8,"6":1,"7":2,"8":9,"9":1,"10":8,"11":2},"f":{"0":8,"1":8,"2":2,"3":9},"b":{"0":[6,2],"1":[1,8]},"_coverageSchema":"1a1c01bbd47fc00a2c39e90264f33305004495a9","hash":"8739382cbd7dcefe2f370854c6b17536544eaadc"}
}
