TN:
SF:src/mdFile.js
FN:4,(anonymous_0)
FN:4,(anonymous_1)
FN:5,(anonymous_2)
FN:17,(anonymous_3)
FN:19,(anonymous_4)
FN:31,(anonymous_5)
FN:45,(anonymous_6)
FN:47,(anonymous_7)
FN:57,(anonymous_8)
FN:57,(anonymous_9)
FN:64,(anonymous_10)
FN:65,(anonymous_11)
FN:74,(anonymous_12)
FN:74,(anonymous_13)
FNF:14
FNH:14
FNDA:4,(anonymous_0)
FNDA:4,(anonymous_1)
FNDA:6,(anonymous_2)
FNDA:3,(anonymous_3)
FNDA:5,(anonymous_4)
FNDA:12,(anonymous_5)
FNDA:3,(anonymous_6)
FNDA:9,(anonymous_7)
FNDA:6,(anonymous_8)
FNDA:6,(anonymous_9)
FNDA:2,(anonymous_10)
FNDA:8,(anonymous_11)
FNDA:4,(anonymous_12)
FNDA:3,(anonymous_13)
DA:1,1
DA:2,1
DA:4,4
DA:5,4
DA:6,6
DA:7,6
DA:8,6
DA:9,6
DA:10,6
DA:12,4
DA:13,1
DA:15,4
DA:17,1
DA:18,3
DA:19,3
DA:20,5
DA:21,5
DA:22,5
DA:23,2
DA:27,2
DA:29,3
DA:30,3
DA:31,3
DA:32,12
DA:33,12
DA:34,12
DA:39,12
DA:43,3
DA:45,1
DA:46,3
DA:47,3
DA:48,9
DA:49,9
DA:50,8
DA:52,1
DA:55,3
DA:57,6
DA:58,6
DA:59,4
DA:60,1
DA:62,4
DA:64,2
DA:65,8
DA:66,2
DA:67,1
DA:69,1
DA:72,2
DA:74,4
LF:48
LH:48
BRDA:9,0,0,3
BRDA:9,0,1,3
BRDA:12,1,0,1
BRDA:12,1,1,3
BRDA:12,2,0,4
BRDA:12,2,1,1
BRDA:21,3,0,5
BRDA:21,3,1,0
BRDA:22,4,0,2
BRDA:22,4,1,3
BRDA:49,5,0,8
BRDA:49,5,1,1
BRDA:58,6,0,4
BRDA:58,6,1,2
BRDA:59,7,0,1
BRDA:59,7,1,3
BRDA:66,8,0,1
BRDA:66,8,1,1
BRF:18
BRH:17
end_of_record
TN:
SF:src/mdLinks.js
FN:6,(anonymous_0)
FN:7,(anonymous_1)
FN:7,(anonymous_2)
FN:13,(anonymous_3)
FN:15,(anonymous_4)
FNF:5
FNH:5
FNDA:8,(anonymous_0)
FNDA:8,(anonymous_1)
FNDA:8,(anonymous_2)
FNDA:2,(anonymous_3)
FNDA:3,(anonymous_4)
DA:1,1
DA:2,1
DA:3,1
DA:4,1
DA:6,8
DA:7,8
DA:8,8
DA:9,8
DA:10,7
DA:11,6
DA:12,5
DA:14,2
DA:15,3
DA:17,1
DA:20,1
DA:23,1
LF:16
LH:16
BRDA:6,0,0,1
BRDA:6,0,1,7
BRDA:9,1,0,7
BRDA:9,1,1,1
BRDA:10,2,0,6
BRDA:10,2,1,1
BRDA:11,3,0,5
BRDA:11,3,1,1
BRF:8
BRH:8
end_of_record
TN:
SF:src/validate.js
FN:4,(anonymous_0)
FN:4,(anonymous_1)
FN:9,(anonymous_2)
FN:10,(anonymous_3)
FNF:4
FNH:4
FNDA:8,(anonymous_0)
FNDA:8,(anonymous_1)
FNDA:2,(anonymous_2)
FNDA:10,(anonymous_3)
DA:2,1
DA:4,8
DA:5,8
DA:6,8
DA:7,8
DA:9,1
DA:10,2
DA:11,10
DA:12,2
DA:14,8
DA:16,2
LF:11
LH:11
BRDA:6,0,0,6
BRDA:6,0,1,2
BRDA:11,1,0,2
BRDA:11,1,1,8
BRF:4
BRH:4
end_of_record
