TN:
SF:src\mdFile.js
FN:4,(anonymous_0)
FN:5,(anonymous_1)
FN:6,(anonymous_2)
FN:19,(anonymous_3)
FN:21,(anonymous_4)
FN:31,(anonymous_5)
FN:45,(anonymous_6)
FN:47,(anonymous_7)
FN:57,(anonymous_8)
FN:58,(anonymous_9)
FN:65,(anonymous_10)
FN:66,(anonymous_11)
FN:71,(anonymous_12)
FN:73,(anonymous_13)
FNF:14
FNH:14
FNDA:4,(anonymous_0)
FNDA:4,(anonymous_1)
FNDA:6,(anonymous_2)
FNDA:3,(anonymous_3)
FNDA:5,(anonymous_4)
FNDA:12,(anonymous_5)
FNDA:3,(anonymous_6)
FNDA:9,(anonymous_7)
FNDA:6,(anonymous_8)
FNDA:6,(anonymous_9)
FNDA:2,(anonymous_10)
FNDA:8,(anonymous_11)
FNDA:4,(anonymous_12)
FNDA:3,(anonymous_13)
DA:1,1
DA:2,1
DA:4,1
DA:5,4
DA:6,4
DA:7,6
DA:8,6
DA:9,6
DA:10,6
DA:11,6
DA:13,4
DA:14,1
DA:16,4
DA:19,1
DA:20,3
DA:21,3
DA:22,5
DA:23,2
DA:27,2
DA:29,3
DA:30,3
DA:31,3
DA:32,12
DA:33,12
DA:34,12
DA:39,12
DA:43,3
DA:45,1
DA:46,3
DA:47,3
DA:48,9
DA:49,9
DA:50,8
DA:52,1
DA:55,3
DA:57,1
DA:58,6
DA:59,6
DA:60,4
DA:61,1
DA:63,4
DA:65,2
DA:66,8
DA:67,2
DA:69,2
DA:72,4
DA:74,3
LF:47
LH:47
BRDA:10,0,0,3
BRDA:10,0,1,3
BRDA:13,1,0,1
BRDA:13,1,1,3
BRDA:13,2,0,4
BRDA:13,2,1,1
BRDA:22,3,0,2
BRDA:22,3,1,3
BRDA:49,4,0,8
BRDA:49,4,1,1
BRDA:59,5,0,4
BRDA:59,5,1,2
BRDA:60,6,0,1
BRDA:60,6,1,3
BRDA:67,7,0,1
BRDA:67,7,1,1
BRF:16
BRH:16
end_of_record
TN:
SF:src\mdLinks.js
FN:6,(anonymous_0)
FN:7,(anonymous_1)
FN:8,(anonymous_2)
FN:13,(anonymous_3)
FN:15,(anonymous_4)
FNF:5
FNH:5
FNDA:7,(anonymous_0)
FNDA:7,(anonymous_1)
FNDA:7,(anonymous_2)
FNDA:2,(anonymous_3)
FNDA:3,(anonymous_4)
DA:1,1
DA:2,1
DA:3,1
DA:4,1
DA:6,7
DA:7,1
DA:8,7
DA:9,7
DA:10,7
DA:11,6
DA:12,5
DA:14,2
DA:15,3
DA:17,1
DA:20,1
LF:15
LH:15
BRDA:6,0,0,1
BRDA:6,0,1,6
BRDA:10,1,0,6
BRDA:10,1,1,1
BRDA:11,2,0,5
BRDA:11,2,1,1
BRF:6
BRH:6
end_of_record
TN:
SF:src\validate.js
FN:3,(anonymous_0)
FN:5,(anonymous_1)
FN:11,(anonymous_2)
FN:12,(anonymous_3)
FNF:4
FNH:4
FNDA:8,(anonymous_0)
FNDA:8,(anonymous_1)
FNDA:2,(anonymous_2)
FNDA:10,(anonymous_3)
DA:1,1
DA:3,1
DA:4,8
DA:6,8
DA:7,8
DA:8,8
DA:11,1
DA:12,2
DA:13,10
DA:14,2
DA:16,8
DA:18,2
LF:12
LH:12
BRDA:7,0,0,6
BRDA:7,0,1,2
BRDA:13,1,0,2
BRDA:13,1,1,8
BRF:4
BRH:4
end_of_record
